<?xml version="1.0" encoding="UTF-8"?>
<!-- Generated by org.testng.reporters.JUnitXMLReporter -->
<testsuite ignored="0" hostname="PraiseBeToAllah" failures="0" tests="4" name="ChromeTest" time="26.405" errors="0" timestamp="2025-08-26T23:22:30 IST">
  <testcase classname="Lab9_TestNG.Lab3_TestNG" name="f" time="6.195"/>
  <testcase classname="Lab9_TestNG.Lab3_TestNG" name="f" time="2.877"/>
  <testcase classname="Lab9_TestNG.Lab4_TestNG" name="f" time="3.576"/>
  <testcase classname="Lab9_TestNG.Lab4_TestNG" name="f" time="3.647"/>
</testsuite> <!-- ChromeTest -->
