<?xml version="1.0" encoding="UTF-8"?>
<!-- Generated by org.testng.reporters.JUnitXMLReporter -->
<testsuite ignored="0" hostname="PraiseBeToAllah" failures="0" tests="4" name="EdgeTest" time="27.517" errors="0" timestamp="2025-08-26T23:22:31 IST">
  <testcase classname="Lab9_TestNG.Lab3_TestNG" name="f" time="6.638"/>
  <testcase classname="Lab9_TestNG.Lab3_TestNG" name="f" time="2.494"/>
  <testcase classname="Lab9_TestNG.Lab4_TestNG" name="f" time="3.763"/>
  <testcase classname="Lab9_TestNG.Lab4_TestNG" name="f" time="3.481"/>
</testsuite> <!-- EdgeTest -->
